<?xml version="1.0" encoding="UTF-8"?>
<!-- Generated by org.testng.reporters.JUnitXMLReporter -->
<testsuite ignored="16" hostname="EC2AMAZ-R6JVPGJ" failures="0" tests="1" name="Surefire test" time="43.311" errors="0" timestamp="18 Feb 2020 10:52:53 GMT">
  <testcase classname="com.accelacrm.test.GovDepartmentTest" name="modifyToeWorkflow" time="33.497"/>
  <testcase classname="com.accelacrm.test.GovDepartmentTest" name="createToPlaces" time="0.0">
    <ignored/>
  </testcase> <!-- createToPlaces -->
  <testcase classname="com.accelacrm.test.GovDepartmentTest" name="shareReportsToUser" time="0.0">
    <ignored/>
  </testcase> <!-- shareReportsToUser -->
  <testcase classname="com.accelacrm.test.GovDepartmentTest" name="createToManageWorkflow" time="0.0">
    <ignored/>
  </testcase> <!-- createToManageWorkflow -->
  <testcase classname="com.accelacrm.test.GovDepartmentTest" name="modifyToPublicPeople" time="0.0">
    <ignored/>
  </testcase> <!-- modifyToPublicPeople -->
  <testcase classname="com.accelacrm.test.GovDepartmentTest" name="createToNewReuest" time="0.0">
    <ignored/>
  </testcase> <!-- createToNewReuest -->
  <testcase classname="com.accelacrm.test.GovDepartmentTest" name="createToManageRequestType" time="0.0">
    <ignored/>
  </testcase> <!-- createToManageRequestType -->
  <testcase classname="com.accelacrm.test.GovDepartmentTest" name="createToFAQ" time="0.0">
    <ignored/>
  </testcase> <!-- createToFAQ -->
  <testcase classname="com.accelacrm.test.GovDepartmentTest" name="goToNewUser" time="0.0">
    <ignored/>
  </testcase> <!-- goToNewUser -->
  <testcase classname="com.accelacrm.test.GovDepartmentTest" name="goToModifyManageRequestType" time="0.0">
    <ignored/>
  </testcase> <!-- goToModifyManageRequestType -->
  <testcase classname="com.accelacrm.test.GovDepartmentTest" name="createToDepartmentName" time="0.0">
    <ignored/>
  </testcase> <!-- createToDepartmentName -->
  <testcase classname="com.accelacrm.test.GovDepartmentTest" name="createToUsers" time="0.0">
    <ignored/>
  </testcase> <!-- createToUsers -->
  <testcase classname="com.accelacrm.test.GovDepartmentTest" name="goToAddCustomFieldForRequestType" time="0.0">
    <ignored/>
  </testcase> <!-- goToAddCustomFieldForRequestType -->
  <testcase classname="com.accelacrm.test.GovDepartmentTest" name="createNewReport" time="0.0">
    <ignored/>
  </testcase> <!-- createNewReport -->
  <testcase classname="com.accelacrm.test.GovDepartmentTest" name="goToSearchGlobal" time="0.0">
    <ignored/>
  </testcase> <!-- goToSearchGlobal -->
  <testcase classname="com.accelacrm.test.GovDepartmentTest" name="modifyToFAQ" time="0.0">
    <ignored/>
  </testcase> <!-- modifyToFAQ -->
  <testcase classname="com.accelacrm.test.GovDepartmentTest" name="CreateToPublicPeople" time="0.0">
    <ignored/>
  </testcase> <!-- CreateToPublicPeople -->
</testsuite> <!-- Surefire test -->
