<?xml version="1.0" encoding="UTF-8"?>
<testng-results ignored="16" total="17" passed="1" failed="0" skipped="0">
  <reporter-output>
  </reporter-output>
  <suite started-at="2020-02-18T10:52:10Z" name="Surefire suite" finished-at="2020-02-18T10:52:53Z" duration-ms="43311">
    <groups>
    </groups>
    <test started-at="2020-02-18T10:52:10Z" name="Surefire test" finished-at="2020-02-18T10:52:53Z" duration-ms="43311">
      <class name="com.accelacrm.test.GovDepartmentTest">
        <test-method is-config="true" signature="setupTest(org.testng.ITestContext)[pri:0, instance:com.accelacrm.test.GovDepartmentTest@8e24743]" started-at="2020-02-18T10:52:09Z" name="setupTest" finished-at="2020-02-18T10:52:10Z" duration-ms="407" status="PASS">
          <params>
            <param index="0">
              <value>
                <![CDATA[org.testng.TestRunner@5fd9b663]]>
              </value>
            </param>
          </params>
          <reporter-output>
          </reporter-output>
        </test-method> <!-- setupTest -->
        <test-method is-config="true" signature="setupBeforeMethod(java.lang.reflect.Method, org.testng.ITestContext)[pri:0, instance:com.accelacrm.test.GovDepartmentTest@8e24743]" started-at="2020-02-18T10:52:10Z" name="setupBeforeMethod" finished-at="2020-02-18T10:52:19Z" duration-ms="9032" status="PASS">
          <params>
            <param index="0">
              <value>
                <![CDATA[public void com.accelacrm.test.GovDepartmentTest.modifyToeWorkflow()]]>
              </value>
            </param>
            <param index="1">
              <value>
                <![CDATA[org.testng.TestRunner@5fd9b663]]>
              </value>
            </param>
          </params>
          <reporter-output>
          </reporter-output>
        </test-method> <!-- setupBeforeMethod -->
        <test-method signature="modifyToeWorkflow()[pri:0, instance:com.accelacrm.test.GovDepartmentTest@8e24743]" started-at="2020-02-18T10:52:19Z" name="modifyToeWorkflow" finished-at="2020-02-18T10:52:52Z" duration-ms="33497" status="PASS">
          <reporter-output>
          </reporter-output>
        </test-method> <!-- modifyToeWorkflow -->
        <test-method is-config="true" signature="tearDownAfterMethod(org.testng.ITestContext)[pri:0, instance:com.accelacrm.test.GovDepartmentTest@8e24743]" started-at="2020-02-18T10:52:52Z" name="tearDownAfterMethod" finished-at="2020-02-18T10:52:53Z" duration-ms="766" status="PASS">
          <params>
            <param index="0">
              <value>
                <![CDATA[org.testng.TestRunner@5fd9b663]]>
              </value>
            </param>
          </params>
          <reporter-output>
          </reporter-output>
        </test-method> <!-- tearDownAfterMethod -->
      </class> <!-- com.accelacrm.test.GovDepartmentTest -->
    </test> <!-- Surefire test -->
  </suite> <!-- Surefire suite -->
</testng-results>
